2026-04-12 17:51:51.954 [info] TypeOrmModule dependencies initialized
2026-04-12 17:51:51.954 [info] SystemModule dependencies initialized
2026-04-12 17:51:51.955 [info] PassportModule dependencies initialized
2026-04-12 17:51:51.955 [info] MonitorModule dependencies initialized
2026-04-12 17:51:51.956 [info] HttpModule dependencies initialized
2026-04-12 17:51:51.956 [info] ConfigHostModule dependencies initialized
2026-04-12 17:51:51.956 [info] ECommercePlatformModule dependencies initialized
2026-04-12 17:51:51.957 [info] ServerModule dependencies initialized
2026-04-12 17:51:51.957 [info] DiscoveryModule dependencies initialized
2026-04-12 17:51:51.958 [info] AxiosModule dependencies initialized
2026-04-12 17:51:51.958 [info] ConfigModule dependencies initialized
2026-04-12 17:51:51.958 [info] ConfigModule dependencies initialized
2026-04-12 17:51:51.958 [info] ScheduleTaskModule dependencies initialized
2026-04-12 17:51:51.958 [info] ScheduleModule dependencies initialized
2026-04-12 17:51:51.958 [info] JwtModule dependencies initialized
2026-04-12 17:51:51.958 [info] RedisModule dependencies initialized
2026-04-12 17:51:51.959 [info] RedisModule dependencies initialized
2026-04-12 17:51:51.959 [info] AuthModule dependencies initialized
2026-04-12 17:51:51.959 [info] CacheModule dependencies initialized
2026-04-12 17:51:51.959 [info] OnlineModule dependencies initialized
2026-04-12 17:51:51.961 [info] TypeOrmCoreModule dependencies initialized
2026-04-12 17:51:51.961 [info] TypeOrmModule dependencies initialized
2026-04-12 17:51:51.961 [info] TypeOrmModule dependencies initialized
2026-04-12 17:51:51.961 [info] TypeOrmModule dependencies initialized
2026-04-12 17:51:51.962 [info] TypeOrmModule dependencies initialized
2026-04-12 17:51:51.962 [info] TypeOrmModule dependencies initialized
2026-04-12 17:51:51.962 [info] TypeOrmModule dependencies initialized
2026-04-12 17:51:51.962 [info] TypeOrmModule dependencies initialized
2026-04-12 17:51:51.962 [info] TypeOrmModule dependencies initialized
2026-04-12 17:51:51.963 [info] TypeOrmModule dependencies initialized
2026-04-12 17:51:51.963 [info] TypeOrmModule dependencies initialized
2026-04-12 17:51:51.963 [info] TypeOrmModule dependencies initialized
2026-04-12 17:51:51.963 [info] TypeOrmModule dependencies initialized
2026-04-12 17:51:51.963 [info] TypeOrmModule dependencies initialized
2026-04-12 17:51:51.963 [info] TypeOrmModule dependencies initialized
2026-04-12 17:51:51.964 [info] TypeOrmModule dependencies initialized
2026-04-12 17:51:51.964 [info] TypeOrmModule dependencies initialized
2026-04-12 17:51:51.964 [info] TypeOrmModule dependencies initialized
2026-04-12 17:51:51.964 [info] TypeOrmModule dependencies initialized
2026-04-12 17:51:51.964 [info] TypeOrmModule dependencies initialized
2026-04-12 17:51:51.965 [info] TypeOrmModule dependencies initialized
2026-04-12 17:51:51.965 [info] TypeOrmModule dependencies initialized
2026-04-12 17:51:51.965 [info] CommonModule dependencies initialized
2026-04-12 17:51:51.965 [info] ExpressModule dependencies initialized
2026-04-12 17:51:51.965 [info] DictModule dependencies initialized
2026-04-12 17:51:51.965 [info] ToolModule dependencies initialized
2026-04-12 17:51:51.965 [info] RegionModule dependencies initialized
2026-04-12 17:51:51.965 [info] LoginlogModule dependencies initialized
2026-04-12 17:51:51.965 [info] CraftsmanshipModule dependencies initialized
2026-04-12 17:51:51.965 [info] ClassModule dependencies initialized
2026-04-12 17:51:51.965 [info] GoodsModule dependencies initialized
2026-04-12 17:51:51.965 [info] NoticeModule dependencies initialized
2026-04-12 17:51:51.965 [info] PostModule dependencies initialized
2026-04-12 17:51:51.965 [info] ShippingTemplateModule dependencies initialized
2026-04-12 17:51:51.965 [info] GoodsCategoryModule dependencies initialized
2026-04-12 17:51:51.966 [info] OperlogModule dependencies initialized
2026-04-12 17:51:51.966 [info] JobModule dependencies initialized
2026-04-12 17:51:51.966 [info] UploadModule dependencies initialized
2026-04-12 17:51:51.966 [info] SysConfigModule dependencies initialized
2026-04-12 17:51:51.966 [info] DeptModule dependencies initialized
2026-04-12 17:51:51.966 [info] RoleModule dependencies initialized
2026-04-12 17:51:51.966 [info] MenuModule dependencies initialized
2026-04-12 17:51:51.966 [info] AppModule dependencies initialized
2026-04-12 17:51:51.966 [info] MainModule dependencies initialized
2026-04-12 17:51:51.966 [info] UserModule dependencies initialized
2026-04-12 17:54:31.413 [info] TypeOrmModule dependencies initialized
2026-04-12 17:54:31.413 [info] SystemModule dependencies initialized
2026-04-12 17:54:31.413 [info] PassportModule dependencies initialized
2026-04-12 17:54:31.413 [info] MonitorModule dependencies initialized
2026-04-12 17:54:31.414 [info] HttpModule dependencies initialized
2026-04-12 17:54:31.414 [info] ConfigHostModule dependencies initialized
2026-04-12 17:54:31.414 [info] ECommercePlatformModule dependencies initialized
2026-04-12 17:54:31.414 [info] ServerModule dependencies initialized
2026-04-12 17:54:31.415 [info] DiscoveryModule dependencies initialized
2026-04-12 17:54:31.415 [info] AxiosModule dependencies initialized
2026-04-12 17:54:31.415 [info] ConfigModule dependencies initialized
2026-04-12 17:54:31.415 [info] ConfigModule dependencies initialized
2026-04-12 17:54:31.415 [info] ScheduleTaskModule dependencies initialized
2026-04-12 17:54:31.416 [info] ScheduleModule dependencies initialized
2026-04-12 17:54:31.416 [info] JwtModule dependencies initialized
2026-04-12 17:54:31.416 [info] RedisModule dependencies initialized
2026-04-12 17:54:31.416 [info] RedisModule dependencies initialized
2026-04-12 17:54:31.416 [info] AuthModule dependencies initialized
2026-04-12 17:54:31.416 [info] CacheModule dependencies initialized
2026-04-12 17:54:31.416 [info] OnlineModule dependencies initialized
2026-04-12 17:54:31.418 [info] TypeOrmCoreModule dependencies initialized
2026-04-12 17:54:31.419 [info] TypeOrmModule dependencies initialized
2026-04-12 17:54:31.419 [info] TypeOrmModule dependencies initialized
2026-04-12 17:54:31.419 [info] TypeOrmModule dependencies initialized
2026-04-12 17:54:31.419 [info] TypeOrmModule dependencies initialized
2026-04-12 17:54:31.419 [info] TypeOrmModule dependencies initialized
2026-04-12 17:54:31.419 [info] TypeOrmModule dependencies initialized
2026-04-12 17:54:31.419 [info] TypeOrmModule dependencies initialized
2026-04-12 17:54:31.419 [info] TypeOrmModule dependencies initialized
2026-04-12 17:54:31.419 [info] TypeOrmModule dependencies initialized
2026-04-12 17:54:31.419 [info] TypeOrmModule dependencies initialized
2026-04-12 17:54:31.419 [info] TypeOrmModule dependencies initialized
2026-04-12 17:54:31.419 [info] TypeOrmModule dependencies initialized
2026-04-12 17:54:31.419 [info] TypeOrmModule dependencies initialized
2026-04-12 17:54:31.419 [info] TypeOrmModule dependencies initialized
2026-04-12 17:54:31.419 [info] TypeOrmModule dependencies initialized
2026-04-12 17:54:31.419 [info] TypeOrmModule dependencies initialized
2026-04-12 17:54:31.419 [info] TypeOrmModule dependencies initialized
2026-04-12 17:54:31.420 [info] TypeOrmModule dependencies initialized
2026-04-12 17:54:31.420 [info] TypeOrmModule dependencies initialized
2026-04-12 17:54:31.420 [info] TypeOrmModule dependencies initialized
2026-04-12 17:54:31.420 [info] TypeOrmModule dependencies initialized
2026-04-12 17:54:31.420 [info] CommonModule dependencies initialized
2026-04-12 17:54:31.420 [info] ExpressModule dependencies initialized
2026-04-12 17:54:31.420 [info] DictModule dependencies initialized
2026-04-12 17:54:31.420 [info] ToolModule dependencies initialized
2026-04-12 17:54:31.420 [info] RegionModule dependencies initialized
2026-04-12 17:54:31.421 [info] LoginlogModule dependencies initialized
2026-04-12 17:54:31.421 [info] CraftsmanshipModule dependencies initialized
2026-04-12 17:54:31.421 [info] ClassModule dependencies initialized
2026-04-12 17:54:31.421 [info] GoodsModule dependencies initialized
2026-04-12 17:54:31.421 [info] NoticeModule dependencies initialized
2026-04-12 17:54:31.421 [info] PostModule dependencies initialized
2026-04-12 17:54:31.421 [info] ShippingTemplateModule dependencies initialized
2026-04-12 17:54:31.421 [info] GoodsCategoryModule dependencies initialized
2026-04-12 17:54:31.422 [info] OperlogModule dependencies initialized
2026-04-12 17:54:31.422 [info] JobModule dependencies initialized
2026-04-12 17:54:31.422 [info] UploadModule dependencies initialized
2026-04-12 17:54:31.423 [info] SysConfigModule dependencies initialized
2026-04-12 17:54:31.423 [info] DeptModule dependencies initialized
2026-04-12 17:54:31.423 [info] RoleModule dependencies initialized
2026-04-12 17:54:31.423 [info] MenuModule dependencies initialized
2026-04-12 17:54:31.424 [info] AppModule dependencies initialized
2026-04-12 17:54:31.424 [info] MainModule dependencies initialized
2026-04-12 17:54:31.424 [info] UserModule dependencies initialized
2026-04-12 17:54:39.252 [info] TypeOrmModule dependencies initialized
2026-04-12 17:54:39.252 [info] SystemModule dependencies initialized
2026-04-12 17:54:39.252 [info] PassportModule dependencies initialized
2026-04-12 17:54:39.253 [info] MonitorModule dependencies initialized
2026-04-12 17:54:39.253 [info] HttpModule dependencies initialized
2026-04-12 17:54:39.253 [info] ConfigHostModule dependencies initialized
2026-04-12 17:54:39.254 [info] ECommercePlatformModule dependencies initialized
2026-04-12 17:54:39.254 [info] ServerModule dependencies initialized
2026-04-12 17:54:39.255 [info] DiscoveryModule dependencies initialized
2026-04-12 17:54:39.255 [info] AxiosModule dependencies initialized
2026-04-12 17:54:39.255 [info] ConfigModule dependencies initialized
2026-04-12 17:54:39.255 [info] ConfigModule dependencies initialized
2026-04-12 17:54:39.255 [info] ScheduleTaskModule dependencies initialized
2026-04-12 17:54:39.255 [info] ScheduleModule dependencies initialized
2026-04-12 17:54:39.256 [info] JwtModule dependencies initialized
2026-04-12 17:54:39.256 [info] RedisModule dependencies initialized
2026-04-12 17:54:39.256 [info] RedisModule dependencies initialized
2026-04-12 17:54:39.256 [info] AuthModule dependencies initialized
2026-04-12 17:54:39.256 [info] CacheModule dependencies initialized
2026-04-12 17:54:39.256 [info] OnlineModule dependencies initialized
2026-04-12 17:54:39.258 [info] TypeOrmCoreModule dependencies initialized
2026-04-12 17:54:39.258 [info] TypeOrmModule dependencies initialized
2026-04-12 17:54:39.258 [info] TypeOrmModule dependencies initialized
2026-04-12 17:54:39.258 [info] TypeOrmModule dependencies initialized
2026-04-12 17:54:39.258 [info] TypeOrmModule dependencies initialized
2026-04-12 17:54:39.258 [info] TypeOrmModule dependencies initialized
2026-04-12 17:54:39.258 [info] TypeOrmModule dependencies initialized
2026-04-12 17:54:39.258 [info] TypeOrmModule dependencies initialized
2026-04-12 17:54:39.258 [info] TypeOrmModule dependencies initialized
2026-04-12 17:54:39.258 [info] TypeOrmModule dependencies initialized
2026-04-12 17:54:39.258 [info] TypeOrmModule dependencies initialized
2026-04-12 17:54:39.259 [info] TypeOrmModule dependencies initialized
2026-04-12 17:54:39.259 [info] TypeOrmModule dependencies initialized
2026-04-12 17:54:39.259 [info] TypeOrmModule dependencies initialized
2026-04-12 17:54:39.259 [info] TypeOrmModule dependencies initialized
2026-04-12 17:54:39.259 [info] TypeOrmModule dependencies initialized
2026-04-12 17:54:39.259 [info] TypeOrmModule dependencies initialized
2026-04-12 17:54:39.259 [info] TypeOrmModule dependencies initialized
2026-04-12 17:54:39.259 [info] TypeOrmModule dependencies initialized
2026-04-12 17:54:39.259 [info] TypeOrmModule dependencies initialized
2026-04-12 17:54:39.259 [info] TypeOrmModule dependencies initialized
2026-04-12 17:54:39.259 [info] TypeOrmModule dependencies initialized
2026-04-12 17:54:39.259 [info] CommonModule dependencies initialized
2026-04-12 17:54:39.259 [info] ExpressModule dependencies initialized
2026-04-12 17:54:39.259 [info] DictModule dependencies initialized
2026-04-12 17:54:39.259 [info] ToolModule dependencies initialized
2026-04-12 17:54:39.259 [info] RegionModule dependencies initialized
2026-04-12 17:54:39.260 [info] LoginlogModule dependencies initialized
2026-04-12 17:54:39.260 [info] CraftsmanshipModule dependencies initialized
2026-04-12 17:54:39.260 [info] ClassModule dependencies initialized
2026-04-12 17:54:39.260 [info] GoodsModule dependencies initialized
2026-04-12 17:54:39.260 [info] NoticeModule dependencies initialized
2026-04-12 17:54:39.260 [info] PostModule dependencies initialized
2026-04-12 17:54:39.260 [info] ShippingTemplateModule dependencies initialized
2026-04-12 17:54:39.260 [info] GoodsCategoryModule dependencies initialized
2026-04-12 17:54:39.260 [info] OperlogModule dependencies initialized
2026-04-12 17:54:39.260 [info] JobModule dependencies initialized
2026-04-12 17:54:39.260 [info] UploadModule dependencies initialized
2026-04-12 17:54:39.261 [info] SysConfigModule dependencies initialized
2026-04-12 17:54:39.261 [info] DeptModule dependencies initialized
2026-04-12 17:54:39.261 [info] RoleModule dependencies initialized
2026-04-12 17:54:39.261 [info] MenuModule dependencies initialized
2026-04-12 17:54:39.261 [info] AppModule dependencies initialized
2026-04-12 17:54:39.261 [info] MainModule dependencies initialized
2026-04-12 17:54:39.261 [info] UserModule dependencies initialized
