2026-04-12 17:51:51.968 [info] MainController {/}:
2026-04-12 17:51:51.971 [info] UploadController {/common/upload}:
2026-04-12 17:51:51.972 [info] ConfigController {/system/config}:
2026-04-12 17:51:51.973 [info] DeptController {/system/dept}:
2026-04-12 17:51:51.974 [info] DictController {/system/dict}:
2026-04-12 17:51:51.975 [info] MenuController {/system/menu}:
2026-04-12 17:51:51.975 [info] NoticeController {/system/notice}:
2026-04-12 17:51:51.976 [info] PostController {/system/post}:
2026-04-12 17:51:51.977 [info] RoleController {/system/role}:
2026-04-12 17:51:51.981 [info] ToolController {/tool}:
2026-04-12 17:51:51.983 [info] UserController {/system/user}:
2026-04-12 17:51:51.987 [info] RegionController {/system/region}:
2026-04-12 17:51:51.987 [info] ShippingTemplateController {/system/shipping-template}:
2026-04-12 17:51:51.988 [info] ExpressController {/system/express}:
2026-04-12 17:51:51.988 [info] JobController {/monitor/job}:
2026-04-12 17:51:51.989 [info] JobLogController {/monitor/jobLog}:
2026-04-12 17:51:51.989 [info] ServerController {/monitor/server}:
2026-04-12 17:51:51.989 [info] CacheController {/monitor/cache}:
2026-04-12 17:51:51.990 [info] LoginlogController {/monitor/logininfor}:
2026-04-12 17:51:51.990 [info] OnlineController {/monitor/online}:
2026-04-12 17:51:51.991 [info] OperlogController {/monitor/operlog}:
2026-04-12 17:51:51.991 [info] GoodsController {/goods}:
2026-04-12 17:51:51.991 [info] CategoryController {/goods/category}:
2026-04-12 17:51:51.992 [info] CraftsmanshipController {/goods/craftsmanship}:
2026-04-12 17:51:51.992 [info] ClassController {/goods/class}:
2026-04-12 17:54:31.427 [info] MainController {/}:
2026-04-12 17:54:31.431 [info] UploadController {/common/upload}:
2026-04-12 17:54:31.432 [info] ConfigController {/system/config}:
2026-04-12 17:54:31.433 [info] DeptController {/system/dept}:
2026-04-12 17:54:31.434 [info] DictController {/system/dict}:
2026-04-12 17:54:31.439 [info] MenuController {/system/menu}:
2026-04-12 17:54:31.441 [info] NoticeController {/system/notice}:
2026-04-12 17:54:31.442 [info] PostController {/system/post}:
2026-04-12 17:54:31.445 [info] RoleController {/system/role}:
2026-04-12 17:54:31.447 [info] ToolController {/tool}:
2026-04-12 17:54:31.448 [info] UserController {/system/user}:
2026-04-12 17:54:31.450 [info] RegionController {/system/region}:
2026-04-12 17:54:31.450 [info] ShippingTemplateController {/system/shipping-template}:
2026-04-12 17:54:31.452 [info] ExpressController {/system/express}:
2026-04-12 17:54:31.452 [info] JobController {/monitor/job}:
2026-04-12 17:54:31.454 [info] JobLogController {/monitor/jobLog}:
2026-04-12 17:54:31.454 [info] ServerController {/monitor/server}:
2026-04-12 17:54:31.454 [info] CacheController {/monitor/cache}:
2026-04-12 17:54:31.454 [info] LoginlogController {/monitor/logininfor}:
2026-04-12 17:54:31.455 [info] OnlineController {/monitor/online}:
2026-04-12 17:54:31.455 [info] OperlogController {/monitor/operlog}:
2026-04-12 17:54:31.455 [info] GoodsController {/goods}:
2026-04-12 17:54:31.456 [info] CategoryController {/goods/category}:
2026-04-12 17:54:31.457 [info] CraftsmanshipController {/goods/craftsmanship}:
2026-04-12 17:54:31.459 [info] ClassController {/goods/class}:
2026-04-12 17:54:39.262 [info] MainController {/}:
2026-04-12 17:54:39.267 [info] UploadController {/common/upload}:
2026-04-12 17:54:39.269 [info] ConfigController {/system/config}:
2026-04-12 17:54:39.270 [info] DeptController {/system/dept}:
2026-04-12 17:54:39.270 [info] DictController {/system/dict}:
2026-04-12 17:54:39.273 [info] MenuController {/system/menu}:
2026-04-12 17:54:39.274 [info] NoticeController {/system/notice}:
2026-04-12 17:54:39.274 [info] PostController {/system/post}:
2026-04-12 17:54:39.275 [info] RoleController {/system/role}:
2026-04-12 17:54:39.278 [info] ToolController {/tool}:
2026-04-12 17:54:39.279 [info] UserController {/system/user}:
2026-04-12 17:54:39.281 [info] RegionController {/system/region}:
2026-04-12 17:54:39.282 [info] ShippingTemplateController {/system/shipping-template}:
2026-04-12 17:54:39.284 [info] ExpressController {/system/express}:
2026-04-12 17:54:39.285 [info] JobController {/monitor/job}:
2026-04-12 17:54:39.288 [info] JobLogController {/monitor/jobLog}:
2026-04-12 17:54:39.289 [info] ServerController {/monitor/server}:
2026-04-12 17:54:39.289 [info] CacheController {/monitor/cache}:
2026-04-12 17:54:39.291 [info] LoginlogController {/monitor/logininfor}:
2026-04-12 17:54:39.292 [info] OnlineController {/monitor/online}:
2026-04-12 17:54:39.293 [info] OperlogController {/monitor/operlog}:
2026-04-12 17:54:39.293 [info] GoodsController {/goods}:
2026-04-12 17:54:39.293 [info] CategoryController {/goods/category}:
2026-04-12 17:54:39.294 [info] CraftsmanshipController {/goods/craftsmanship}:
2026-04-12 17:54:39.294 [info] ClassController {/goods/class}:
