2026-04-12 17:51:51.995 [info] 注册任务: task.noParams
2026-04-12 17:51:51.995 [info] 注册任务: task.params
2026-04-12 17:51:51.995 [info] 注册任务: task.clearTemp
2026-04-12 17:51:51.995 [info] 注册任务: task.monitorSystem
2026-04-12 17:51:51.996 [info] 注册任务: task.backupDatabase
2026-04-12 17:51:51.997 [info] 注册任务: dailyBackup
2026-04-12 17:51:51.997 [info] 注册任务: platform-order-sync
2026-04-12 17:54:31.462 [info] 注册任务: task.noParams
2026-04-12 17:54:31.462 [info] 注册任务: task.params
2026-04-12 17:54:31.463 [info] 注册任务: task.clearTemp
2026-04-12 17:54:31.463 [info] 注册任务: task.monitorSystem
2026-04-12 17:54:31.463 [info] 注册任务: task.backupDatabase
2026-04-12 17:54:31.463 [info] 注册任务: dailyBackup
2026-04-12 17:54:31.463 [info] 注册任务: platform-order-sync
2026-04-12 17:54:39.296 [info] 注册任务: task.noParams
2026-04-12 17:54:39.296 [info] 注册任务: task.params
2026-04-12 17:54:39.296 [info] 注册任务: task.clearTemp
2026-04-12 17:54:39.296 [info] 注册任务: task.monitorSystem
2026-04-12 17:54:39.296 [info] 注册任务: task.backupDatabase
2026-04-12 17:54:39.296 [info] 注册任务: dailyBackup
2026-04-12 17:54:39.296 [info] 注册任务: platform-order-sync
